<?xml version="1.0" encoding="UTF-8"?>
<testng-results ignored="0" total="1" passed="1" failed="0" skipped="0">
  <reporter-output>
  </reporter-output>
  <suite started-at="2023-06-10T05:25:59 IST" name="Default suite" finished-at="2023-06-10T05:26:15 IST" duration-ms="15814">
    <groups>
    </groups>
    <test started-at="2023-06-10T05:25:59 IST" name="Default test" finished-at="2023-06-10T05:26:15 IST" duration-ms="15814">
      <class name="com.omayo.testcases.VerifyUserRegistration">
        <test-method is-config="true" signature="setUp()[pri:0, instance:com.omayo.testcases.VerifyUserRegistration@71238fc2]" started-at="2023-06-10T05:25:59 IST" name="setUp" finished-at="2023-06-10T05:26:10 IST" duration-ms="10563" status="PASS">
          <reporter-output>
          </reporter-output>
        </test-method> <!-- setUp -->
        <test-method signature="verifyUserRegistration()[pri:0, instance:com.omayo.testcases.VerifyUserRegistration@71238fc2]" started-at="2023-06-10T05:26:10 IST" name="verifyUserRegistration" finished-at="2023-06-10T05:26:15 IST" duration-ms="4904" status="PASS">
          <reporter-output>
          </reporter-output>
        </test-method> <!-- verifyUserRegistration -->
        <test-method is-config="true" signature="tearDown()[pri:0, instance:com.omayo.testcases.VerifyUserRegistration@71238fc2]" started-at="2023-06-10T05:26:15 IST" name="tearDown" finished-at="2023-06-10T05:26:15 IST" duration-ms="300" status="PASS">
          <reporter-output>
          </reporter-output>
        </test-method> <!-- tearDown -->
      </class> <!-- com.omayo.testcases.VerifyUserRegistration -->
    </test> <!-- Default test -->
  </suite> <!-- Default suite -->
</testng-results>
